{"/Users/lupita/Desktop/LABORATORIA/Bootcamp/1º Proyecto/LIM013-card-validation/src/validator.js": {"path":"/Users/lupita/Desktop/LABORATORIA/Bootcamp/1º Proyecto/LIM013-card-validation/src/validator.js","statementMap":{"0":{"start":{"line":1,"column":18},"end":{"line":42,"column":1}},"1":{"start":{"line":3,"column":18},"end":{"line":3,"column":19}},"2":{"start":{"line":4,"column":15},"end":{"line":4,"column":16}},"3":{"start":{"line":6,"column":4},"end":{"line":25,"column":5}},"4":{"start":{"line":6,"column":17},"end":{"line":6,"column":18}},"5":{"start":{"line":7,"column":30},"end":{"line":7,"column":43}},"6":{"start":{"line":8,"column":6},"end":{"line":24,"column":7}},"7":{"start":{"line":9,"column":29},"end":{"line":9,"column":48}},"8":{"start":{"line":10,"column":8},"end":{"line":17,"column":9}},"9":{"start":{"line":11,"column":10},"end":{"line":11,"column":39}},"10":{"start":{"line":13,"column":29},"end":{"line":13,"column":54}},"11":{"start":{"line":14,"column":33},"end":{"line":14,"column":94}},"12":{"start":{"line":15,"column":6},"end":{"line":15,"column":41}},"13":{"start":{"line":21,"column":14},"end":{"line":21,"column":33}},"14":{"start":{"line":22,"column":6},"end":{"line":22,"column":31}},"15":{"start":{"line":26,"column":14},"end":{"line":26,"column":28}},"16":{"start":{"line":28,"column":4},"end":{"line":28,"column":27}},"17":{"start":{"line":29,"column":4},"end":{"line":35,"column":5}},"18":{"start":{"line":30,"column":4},"end":{"line":30,"column":16}},"19":{"start":{"line":33,"column":4},"end":{"line":33,"column":18}},"20":{"start":{"line":38,"column":22},"end":{"line":38,"column":59}},"21":{"start":{"line":39,"column":2},"end":{"line":39,"column":25}}},"fnMap":{"0":{"name":"(anonymous_0)","decl":{"start":{"line":2,"column":12},"end":{"line":2,"column":13}},"loc":{"start":{"line":2,"column":34},"end":{"line":36,"column":3}},"line":2},"1":{"name":"(anonymous_1)","decl":{"start":{"line":37,"column":11},"end":{"line":37,"column":12}},"loc":{"start":{"line":37,"column":33},"end":{"line":40,"column":3}},"line":37}},"branchMap":{"0":{"loc":{"start":{"line":8,"column":6},"end":{"line":24,"column":7}},"type":"if","locations":[{"start":{"line":8,"column":6},"end":{"line":24,"column":7}},{"start":{"line":8,"column":6},"end":{"line":24,"column":7}}],"line":8},"1":{"loc":{"start":{"line":10,"column":8},"end":{"line":17,"column":9}},"type":"if","locations":[{"start":{"line":10,"column":8},"end":{"line":17,"column":9}},{"start":{"line":10,"column":8},"end":{"line":17,"column":9}}],"line":10},"2":{"loc":{"start":{"line":29,"column":4},"end":{"line":35,"column":5}},"type":"if","locations":[{"start":{"line":29,"column":4},"end":{"line":35,"column":5}},{"start":{"line":29,"column":4},"end":{"line":35,"column":5}}],"line":29}},"s":{"0":1,"1":3,"2":3,"3":3,"4":3,"5":42,"6":42,"7":21,"8":21,"9":7,"10":14,"11":14,"12":14,"13":21,"14":21,"15":3,"16":3,"17":3,"18":2,"19":1,"20":3,"21":3},"f":{"0":3,"1":3},"b":{"0":[21,21],"1":[7,14],"2":[2,1]},"_coverageSchema":"43e27e138ebf9cfc5966b082cf9a028302ed4184","hash":"8f952aabe0ac1f0ce1fb74b5b3309b0cb8b44876"}
}
