{"/Users/lupita/Desktop/LABORATORIA/Bootcamp/1º Proyecto/LIM013-card-validation/src/validator.js": {"path":"/Users/lupita/Desktop/LABORATORIA/Bootcamp/1º Proyecto/LIM013-card-validation/src/validator.js","statementMap":{"0":{"start":{"line":1,"column":18},"end":{"line":45,"column":1}},"1":{"start":{"line":5,"column":16},"end":{"line":5,"column":17}},"2":{"start":{"line":6,"column":11},"end":{"line":6,"column":12}},"3":{"start":{"line":8,"column":0},"end":{"line":28,"column":1}},"4":{"start":{"line":8,"column":13},"end":{"line":8,"column":14}},"5":{"start":{"line":9,"column":27},"end":{"line":9,"column":40}},"6":{"start":{"line":10,"column":2},"end":{"line":27,"column":3}},"7":{"start":{"line":11,"column":25},"end":{"line":11,"column":44}},"8":{"start":{"line":12,"column":4},"end":{"line":20,"column":5}},"9":{"start":{"line":13,"column":6},"end":{"line":13,"column":35}},"10":{"start":{"line":16,"column":29},"end":{"line":16,"column":54}},"11":{"start":{"line":17,"column":33},"end":{"line":17,"column":96}},"12":{"start":{"line":18,"column":6},"end":{"line":18,"column":41}},"13":{"start":{"line":21,"column":4},"end":{"line":21,"column":34}},"14":{"start":{"line":24,"column":12},"end":{"line":24,"column":31}},"15":{"start":{"line":25,"column":3},"end":{"line":25,"column":28}},"16":{"start":{"line":26,"column":5},"end":{"line":26,"column":43}},"17":{"start":{"line":29,"column":14},"end":{"line":29,"column":28}},"18":{"start":{"line":31,"column":0},"end":{"line":31,"column":23}},"19":{"start":{"line":32,"column":0},"end":{"line":38,"column":2}},"20":{"start":{"line":33,"column":2},"end":{"line":33,"column":14}},"21":{"start":{"line":36,"column":2},"end":{"line":36,"column":16}},"22":{"start":{"line":41,"column":22},"end":{"line":41,"column":59}},"23":{"start":{"line":42,"column":2},"end":{"line":42,"column":25}}},"fnMap":{"0":{"name":"(anonymous_0)","decl":{"start":{"line":4,"column":10},"end":{"line":4,"column":11}},"loc":{"start":{"line":4,"column":32},"end":{"line":39,"column":1}},"line":4},"1":{"name":"(anonymous_1)","decl":{"start":{"line":40,"column":9},"end":{"line":40,"column":10}},"loc":{"start":{"line":40,"column":31},"end":{"line":43,"column":1}},"line":40}},"branchMap":{"0":{"loc":{"start":{"line":10,"column":2},"end":{"line":27,"column":3}},"type":"if","locations":[{"start":{"line":10,"column":2},"end":{"line":27,"column":3}},{"start":{"line":10,"column":2},"end":{"line":27,"column":3}}],"line":10},"1":{"loc":{"start":{"line":12,"column":4},"end":{"line":20,"column":5}},"type":"if","locations":[{"start":{"line":12,"column":4},"end":{"line":20,"column":5}},{"start":{"line":12,"column":4},"end":{"line":20,"column":5}}],"line":12},"2":{"loc":{"start":{"line":32,"column":0},"end":{"line":38,"column":2}},"type":"if","locations":[{"start":{"line":32,"column":0},"end":{"line":38,"column":2}},{"start":{"line":32,"column":0},"end":{"line":38,"column":2}}],"line":32}},"s":{"0":1,"1":3,"2":3,"3":3,"4":3,"5":10,"6":10,"7":5,"8":5,"9":2,"10":3,"11":3,"12":3,"13":5,"14":5,"15":5,"16":5,"17":3,"18":3,"19":3,"20":2,"21":1,"22":3,"23":3},"f":{"0":3,"1":3},"b":{"0":[5,5],"1":[2,3],"2":[2,1]},"_coverageSchema":"43e27e138ebf9cfc5966b082cf9a028302ed4184","hash":"eb1db9b1d58b3bece255d377fadef8b82b314e48"}
}
